{"timestamp":"2026-03-04T15:41:50.991729Z","level":"info","event":"DAG bundles loaded: dags-folder, example_dags","logger":"airflow.dag_processing.bundles.manager.DagBundlesManager","filename":"manager.py","lineno":179}
{"timestamp":"2026-03-04T15:41:50.994533Z","level":"info","event":"Filling up the DagBag from /opt/airflow/dags/weather_dag.py","logger":"airflow.models.dagbag.BundleDagBag","filename":"dagbag.py","lineno":593}
{"timestamp":"2026-03-04T15:41:51.054395Z","level":"info","event":"→ Conectando em localhost:5432/weather_data","logger":"root","filename":"load_data.py","lineno":22}
{"timestamp":"2026-03-04T15:41:51.070421Z","level":"warning","event":"The `airflow.decorators.dag` attribute is deprecated. Please use `'airflow.sdk.dag'`.","category":"DeprecatedImportWarning","filename":"/opt/airflow/dags/weather_dag.py","lineno":2,"logger":"py.warnings"}
{"timestamp":"2026-03-04T15:41:51.070721Z","level":"warning","event":"The `airflow.decorators.task` attribute is deprecated. Please use `'airflow.sdk.task'`.","category":"DeprecatedImportWarning","filename":"/opt/airflow/dags/weather_dag.py","lineno":2,"logger":"py.warnings"}
{"timestamp":"2026-03-04T15:41:51.105602Z","level":"info","event":"Task instance is in running state","logger":"task.stdout"}
{"timestamp":"2026-03-04T15:41:51.106102Z","level":"info","event":" Previous state of the Task instance: TaskInstanceState.QUEUED","logger":"task.stdout"}
{"timestamp":"2026-03-04T15:41:51.106561Z","level":"info","event":"Current task name:transform","logger":"task.stdout"}
{"timestamp":"2026-03-04T15:41:51.106997Z","level":"info","event":"Dag name:weather_pipeline","logger":"task.stdout"}
{"timestamp":"2026-03-04T15:41:51.108250Z","level":"info","event":"","logger":"task.stdout"}
{"timestamp":"2026-03-04T15:41:51.108736Z","level":"info","event":" Iniciando transformações","logger":"task.stdout"}
{"timestamp":"2026-03-04T15:41:51.108251Z","level":"info","event":"→ Criando DataFrame do arquivo JSON...","logger":"root","filename":"transform_data.py","lineno":43}
{"timestamp":"2026-03-04T15:41:51.114898Z","level":"info","event":"\n✓ DataFrame criado com 1 linha(s)","logger":"root","filename":"transform_data.py","lineno":53}
{"timestamp":"2026-03-04T15:41:51.119047Z","level":"info","event":"\n✓ Coluna 'weather' normalizada - 30 colunas","logger":"root","filename":"transform_data.py","lineno":67}
{"timestamp":"2026-03-04T15:41:51.119295Z","level":"info","event":"\n→ Removendo colunas: ['weather', 'weather_icon', 'sys.type']","logger":"root","filename":"transform_data.py","lineno":71}
{"timestamp":"2026-03-04T15:41:51.120790Z","level":"info","event":"✓ Colunas removidas - 27 colunas restantes","logger":"root","filename":"transform_data.py","lineno":73}
{"timestamp":"2026-03-04T15:41:51.121005Z","level":"info","event":"\n→ Renomeando 26 colunas...","logger":"root","filename":"transform_data.py","lineno":77}
{"timestamp":"2026-03-04T15:41:51.122066Z","level":"info","event":"✓ Colunas renomeadas","logger":"root","filename":"transform_data.py","lineno":79}
{"timestamp":"2026-03-04T15:41:51.122337Z","level":"info","event":"\n→ Convertendo colunas para datetime: ['datetime', 'sunrise', 'sunset']","logger":"root","filename":"transform_data.py","lineno":83}
{"timestamp":"2026-03-04T15:41:51.128430Z","level":"info","event":"✓ Colunas convertidas para datetime\n","logger":"root","filename":"transform_data.py","lineno":86}
{"timestamp":"2026-03-04T15:41:51.128676Z","level":"info","event":"✓ Transformacoes concluídas\n","logger":"root","filename":"transform_data.py","lineno":97}
{"timestamp":"2026-03-04T15:41:51.148840Z","level":"error","event":"Task failed with exception","logger":"task","filename":"task_runner.py","lineno":1142,"error_detail":[{"exc_type":"OSError","exc_value":"Cannot save file into a non-existent directory: 'opt/airflow/data'","exc_notes":[],"syntax_error":null,"is_cause":false,"frames":[{"filename":"/home/airflow/.local/lib/python3.12/site-packages/airflow/sdk/execution_time/task_runner.py","lineno":1068,"name":"run"},{"filename":"/home/airflow/.local/lib/python3.12/site-packages/airflow/sdk/execution_time/task_runner.py","lineno":1477,"name":"_execute_task"},{"filename":"/home/airflow/.local/lib/python3.12/site-packages/airflow/sdk/bases/operator.py","lineno":417,"name":"wrapper"},{"filename":"/home/airflow/.local/lib/python3.12/site-packages/airflow/sdk/bases/decorator.py","lineno":252,"name":"execute"},{"filename":"/home/airflow/.local/lib/python3.12/site-packages/airflow/sdk/bases/operator.py","lineno":417,"name":"wrapper"},{"filename":"/home/airflow/.local/lib/python3.12/site-packages/airflow/providers/standard/operators/python.py","lineno":228,"name":"execute"},{"filename":"/home/airflow/.local/lib/python3.12/site-packages/airflow/providers/standard/operators/python.py","lineno":251,"name":"execute_callable"},{"filename":"/home/airflow/.local/lib/python3.12/site-packages/airflow/sdk/execution_time/callback_runner.py","lineno":82,"name":"run"},{"filename":"/opt/airflow/dags/weather_dag.py","lineno":43,"name":"transform"},{"filename":"/home/airflow/.local/lib/python3.12/site-packages/pandas/util/_decorators.py","lineno":333,"name":"wrapper"},{"filename":"/home/airflow/.local/lib/python3.12/site-packages/pandas/core/frame.py","lineno":3124,"name":"to_parquet"},{"filename":"/home/airflow/.local/lib/python3.12/site-packages/pandas/io/parquet.py","lineno":482,"name":"to_parquet"},{"filename":"/home/airflow/.local/lib/python3.12/site-packages/pandas/io/parquet.py","lineno":199,"name":"write"},{"filename":"/home/airflow/.local/lib/python3.12/site-packages/pandas/io/parquet.py","lineno":141,"name":"_get_path_or_handle"},{"filename":"/home/airflow/.local/lib/python3.12/site-packages/pandas/io/common.py","lineno":749,"name":"get_handle"},{"filename":"/home/airflow/.local/lib/python3.12/site-packages/pandas/io/common.py","lineno":616,"name":"check_parent_directory"}],"is_group":false,"exceptions":[]}]}
{"timestamp":"2026-03-04T15:41:51.189256Z","level":"info","event":"Task instance in failure state","logger":"task.stdout"}
{"timestamp":"2026-03-04T15:41:51.189932Z","level":"info","event":"Task start","logger":"task.stdout"}
{"timestamp":"2026-03-04T15:41:51.190318Z","level":"info","event":"Task:<Task(_PythonDecoratedOperator): transform>","logger":"task.stdout"}
{"timestamp":"2026-03-04T15:41:51.190665Z","level":"info","event":"Failure caused by Cannot save file into a non-existent directory: 'opt/airflow/data'","logger":"task.stdout"}
